<?xml version="1.0" encoding="UTF-8"?>
<robot generator="Robot 4.1.2 (Python 3.10.0 on win32)" generated="20220619 20:51:26.142" rpa="false" schemaversion="2">
<suite id="s1" name="Tests" source="C:\qaninja\twp\tests">
<suite id="s1-s1" name="Buttons" source="C:\qaninja\twp\tests\buttons.robot">
<test id="s1-s1-t1" name="Deve realizar um clique simples">
<kw name="Open Session" library="base" type="SETUP">
<kw name="Set Appium Timeout" library="AppiumLibrary">
<arg>5</arg>
<doc>Sets the timeout in seconds used by various keywords.</doc>
<status status="PASS" starttime="20220619 20:51:26.390" endtime="20220619 20:51:26.390"/>
</kw>
<kw name="Open Application" library="AppiumLibrary">
<arg>http://localhost:4723/wd/hub</arg>
<arg>automationName=UiAutomator2</arg>
<arg>platformName=Android</arg>
<arg>deviceName=Android Emulator</arg>
<arg>app=${EXECDIR}/app/twp.apk</arg>
<doc>Opens a new application to given Appium server.
Capabilities of appium server, Android and iOS,
Please check https://github.com/appium/appium/blob/master/docs/en/writing-running-appium/server-args.md
| *Option*            | *Man.* | *Description*     |
| remote_url          | Yes    | Appium server url |
| alias               | no     | alias             |</doc>
<status status="PASS" starttime="20220619 20:51:26.390" endtime="20220619 20:51:34.672"/>
</kw>
<kw name="Get Started" library="helpers">
<kw name="Wait Until Page Contains" library="AppiumLibrary">
<arg>${START}</arg>
<doc>Waits until `text` appears on current page.</doc>
<status status="PASS" starttime="20220619 20:51:34.672" endtime="20220619 20:51:38.694"/>
</kw>
<kw name="Click Text" library="AppiumLibrary">
<arg>${START}</arg>
<doc>Click text identified by ``text``.</doc>
<status status="PASS" starttime="20220619 20:51:38.694" endtime="20220619 20:51:38.842"/>
</kw>
<kw name="Wait Until Element Is Visible" library="AppiumLibrary">
<arg>${HAMBURGUER}</arg>
<doc>Waits until element specified with `locator` is visible.</doc>
<status status="PASS" starttime="20220619 20:51:38.842" endtime="20220619 20:51:40.063"/>
</kw>
<status status="PASS" starttime="20220619 20:51:34.672" endtime="20220619 20:51:40.063"/>
</kw>
<status status="PASS" starttime="20220619 20:51:26.389" endtime="20220619 20:51:40.063"/>
</kw>
<kw name="Go To Short Click" library="helpers">
<kw name="Open Nav" library="helpers">
<kw name="Click Element" library="AppiumLibrary">
<arg>${HAMBURGUER}</arg>
<doc>Click element identified by `locator`.</doc>
<msg timestamp="20220619 20:51:40.066" level="INFO">Clicking element 'xpath=//android.widget.ImageButton[@content-desc="Open navigation drawer"]'.</msg>
<status status="PASS" starttime="20220619 20:51:40.064" endtime="20220619 20:51:40.120"/>
</kw>
<kw name="Wait Until Element Is Visible" library="AppiumLibrary">
<arg>${NAV}</arg>
<doc>Waits until element specified with `locator` is visible.</doc>
<status status="PASS" starttime="20220619 20:51:40.120" endtime="20220619 20:51:41.118"/>
</kw>
<status status="PASS" starttime="20220619 20:51:40.064" endtime="20220619 20:51:41.119"/>
</kw>
<kw name="Click Text" library="AppiumLibrary">
<arg>BOTÕES</arg>
<doc>Click text identified by ``text``.</doc>
<status status="PASS" starttime="20220619 20:51:41.119" endtime="20220619 20:51:41.194"/>
</kw>
<kw name="Wait Until Page Contains" library="AppiumLibrary">
<arg>CLIQUE SIMPLES</arg>
<doc>Waits until `text` appears on current page.</doc>
<status status="PASS" starttime="20220619 20:51:41.194" endtime="20220619 20:51:41.466"/>
</kw>
<kw name="Click Text" library="AppiumLibrary">
<arg>CLIQUE SIMPLES</arg>
<doc>Click text identified by ``text``.</doc>
<status status="PASS" starttime="20220619 20:51:41.466" endtime="20220619 20:51:42.185"/>
</kw>
<kw name="Wait Until Page Contains" library="AppiumLibrary">
<arg>Botão clique simples</arg>
<doc>Waits until `text` appears on current page.</doc>
<status status="PASS" starttime="20220619 20:51:42.186" endtime="20220619 20:51:42.905"/>
</kw>
<status status="PASS" starttime="20220619 20:51:40.064" endtime="20220619 20:51:42.905"/>
</kw>
<kw name="Click Element" library="AppiumLibrary">
<arg>id=io.qaninja.android.twp:id/short_click</arg>
<doc>Click element identified by `locator`.</doc>
<msg timestamp="20220619 20:51:42.907" level="INFO">Clicking element 'id=io.qaninja.android.twp:id/short_click'.</msg>
<status status="PASS" starttime="20220619 20:51:42.906" endtime="20220619 20:51:42.942"/>
</kw>
<kw name="Wait Until Page Contains" library="AppiumLibrary">
<arg>Isso é um clique simples</arg>
<doc>Waits until `text` appears on current page.</doc>
<status status="PASS" starttime="20220619 20:51:42.943" endtime="20220619 20:51:43.029"/>
</kw>
<kw name="Close Session" library="base" type="TEARDOWN">
<kw name="Close Application" library="AppiumLibrary">
<doc>Closes the current application and also close webdriver session.</doc>
<status status="PASS" starttime="20220619 20:51:43.030" endtime="20220619 20:51:43.542"/>
</kw>
<status status="PASS" starttime="20220619 20:51:43.030" endtime="20220619 20:51:43.543"/>
</kw>
<tag>short</tag>
<status status="PASS" starttime="20220619 20:51:26.389" endtime="20220619 20:51:43.543"/>
</test>
<test id="s1-s1-t2" name="Deve realizar um clique longo">
<kw name="Open Session" library="base" type="SETUP">
<kw name="Set Appium Timeout" library="AppiumLibrary">
<arg>5</arg>
<doc>Sets the timeout in seconds used by various keywords.</doc>
<status status="PASS" starttime="20220619 20:51:43.545" endtime="20220619 20:51:43.545"/>
</kw>
<kw name="Open Application" library="AppiumLibrary">
<arg>http://localhost:4723/wd/hub</arg>
<arg>automationName=UiAutomator2</arg>
<arg>platformName=Android</arg>
<arg>deviceName=Android Emulator</arg>
<arg>app=${EXECDIR}/app/twp.apk</arg>
<doc>Opens a new application to given Appium server.
Capabilities of appium server, Android and iOS,
Please check https://github.com/appium/appium/blob/master/docs/en/writing-running-appium/server-args.md
| *Option*            | *Man.* | *Description*     |
| remote_url          | Yes    | Appium server url |
| alias               | no     | alias             |</doc>
<status status="PASS" starttime="20220619 20:51:43.545" endtime="20220619 20:51:51.359"/>
</kw>
<kw name="Get Started" library="helpers">
<kw name="Wait Until Page Contains" library="AppiumLibrary">
<arg>${START}</arg>
<doc>Waits until `text` appears on current page.</doc>
<status status="PASS" starttime="20220619 20:51:51.360" endtime="20220619 20:51:55.556"/>
</kw>
<kw name="Click Text" library="AppiumLibrary">
<arg>${START}</arg>
<doc>Click text identified by ``text``.</doc>
<status status="PASS" starttime="20220619 20:51:55.556" endtime="20220619 20:51:55.662"/>
</kw>
<kw name="Wait Until Element Is Visible" library="AppiumLibrary">
<arg>${HAMBURGUER}</arg>
<doc>Waits until element specified with `locator` is visible.</doc>
<status status="PASS" starttime="20220619 20:51:55.662" endtime="20220619 20:51:56.847"/>
</kw>
<status status="PASS" starttime="20220619 20:51:51.360" endtime="20220619 20:51:56.847"/>
</kw>
<status status="PASS" starttime="20220619 20:51:43.544" endtime="20220619 20:51:56.847"/>
</kw>
<kw name="Go To Long Click" library="helpers">
<kw name="Open Nav" library="helpers">
<kw name="Click Element" library="AppiumLibrary">
<arg>${HAMBURGUER}</arg>
<doc>Click element identified by `locator`.</doc>
<msg timestamp="20220619 20:51:56.849" level="INFO">Clicking element 'xpath=//android.widget.ImageButton[@content-desc="Open navigation drawer"]'.</msg>
<status status="PASS" starttime="20220619 20:51:56.848" endtime="20220619 20:51:56.904"/>
</kw>
<kw name="Wait Until Element Is Visible" library="AppiumLibrary">
<arg>${NAV}</arg>
<doc>Waits until element specified with `locator` is visible.</doc>
<status status="PASS" starttime="20220619 20:51:56.904" endtime="20220619 20:51:57.901"/>
</kw>
<status status="PASS" starttime="20220619 20:51:56.848" endtime="20220619 20:51:57.901"/>
</kw>
<kw name="Click Text" library="AppiumLibrary">
<arg>BOTÕES</arg>
<doc>Click text identified by ``text``.</doc>
<status status="PASS" starttime="20220619 20:51:57.901" endtime="20220619 20:51:57.979"/>
</kw>
<kw name="Wait Until Page Contains" library="AppiumLibrary">
<arg>CLIQUE LONGO</arg>
<doc>Waits until `text` appears on current page.</doc>
<status status="PASS" starttime="20220619 20:51:57.979" endtime="20220619 20:51:58.501"/>
</kw>
<kw name="Click Text" library="AppiumLibrary">
<arg>CLIQUE LONGO</arg>
<doc>Click text identified by ``text``.</doc>
<status status="PASS" starttime="20220619 20:51:58.501" endtime="20220619 20:51:58.970"/>
</kw>
<kw name="Wait Until Page Contains" library="AppiumLibrary">
<arg>Botão clique longo</arg>
<doc>Waits until `text` appears on current page.</doc>
<status status="PASS" starttime="20220619 20:51:58.970" endtime="20220619 20:51:59.705"/>
</kw>
<status status="PASS" starttime="20220619 20:51:56.848" endtime="20220619 20:51:59.705"/>
</kw>
<kw name="Long Press" library="AppiumLibrary">
<arg>id=io.qaninja.android.twp:id/long_click</arg>
<arg>1000</arg>
<doc>Long press the element with optional duration</doc>
<status status="PASS" starttime="20220619 20:51:59.706" endtime="20220619 20:52:02.285"/>
</kw>
<kw name="Wait Until Page Contains" library="AppiumLibrary">
<arg>CLIQUE LONGO OK</arg>
<doc>Waits until `text` appears on current page.</doc>
<status status="PASS" starttime="20220619 20:52:02.286" endtime="20220619 20:52:02.323"/>
</kw>
<kw name="Close Session" library="base" type="TEARDOWN">
<kw name="Close Application" library="AppiumLibrary">
<doc>Closes the current application and also close webdriver session.</doc>
<status status="PASS" starttime="20220619 20:52:02.324" endtime="20220619 20:52:02.765"/>
</kw>
<status status="PASS" starttime="20220619 20:52:02.324" endtime="20220619 20:52:02.766"/>
</kw>
<tag>long</tag>
<status status="PASS" starttime="20220619 20:51:43.544" endtime="20220619 20:52:02.766"/>
</test>
<status status="PASS" starttime="20220619 20:51:26.167" endtime="20220619 20:52:02.767"/>
</suite>
<suite id="s1-s2" name="Checkbox" source="C:\qaninja\twp\tests\checkbox.robot">
<test id="s1-s2-t1" name="Deve selecionar a opção Robot Framework">
<kw name="Open Session" library="base" type="SETUP">
<kw name="Set Appium Timeout" library="AppiumLibrary">
<arg>5</arg>
<doc>Sets the timeout in seconds used by various keywords.</doc>
<status status="PASS" starttime="20220619 20:52:02.776" endtime="20220619 20:52:02.776"/>
</kw>
<kw name="Open Application" library="AppiumLibrary">
<arg>http://localhost:4723/wd/hub</arg>
<arg>automationName=UiAutomator2</arg>
<arg>platformName=Android</arg>
<arg>deviceName=Android Emulator</arg>
<arg>app=${EXECDIR}/app/twp.apk</arg>
<doc>Opens a new application to given Appium server.
Capabilities of appium server, Android and iOS,
Please check https://github.com/appium/appium/blob/master/docs/en/writing-running-appium/server-args.md
| *Option*            | *Man.* | *Description*     |
| remote_url          | Yes    | Appium server url |
| alias               | no     | alias             |</doc>
<status status="PASS" starttime="20220619 20:52:02.776" endtime="20220619 20:52:10.632"/>
</kw>
<kw name="Get Started" library="helpers">
<kw name="Wait Until Page Contains" library="AppiumLibrary">
<arg>${START}</arg>
<doc>Waits until `text` appears on current page.</doc>
<status status="PASS" starttime="20220619 20:52:10.632" endtime="20220619 20:52:15.015"/>
</kw>
<kw name="Click Text" library="AppiumLibrary">
<arg>${START}</arg>
<doc>Click text identified by ``text``.</doc>
<status status="PASS" starttime="20220619 20:52:15.015" endtime="20220619 20:52:15.122"/>
</kw>
<kw name="Wait Until Element Is Visible" library="AppiumLibrary">
<arg>${HAMBURGUER}</arg>
<doc>Waits until element specified with `locator` is visible.</doc>
<status status="PASS" starttime="20220619 20:52:15.122" endtime="20220619 20:52:16.312"/>
</kw>
<status status="PASS" starttime="20220619 20:52:10.632" endtime="20220619 20:52:16.312"/>
</kw>
<status status="PASS" starttime="20220619 20:52:02.776" endtime="20220619 20:52:16.312"/>
</kw>
<kw name="Go To CheckBox Form" library="helpers">
<kw name="Open Nav" library="helpers">
<kw name="Click Element" library="AppiumLibrary">
<arg>${HAMBURGUER}</arg>
<doc>Click element identified by `locator`.</doc>
<msg timestamp="20220619 20:52:16.314" level="INFO">Clicking element 'xpath=//android.widget.ImageButton[@content-desc="Open navigation drawer"]'.</msg>
<status status="PASS" starttime="20220619 20:52:16.313" endtime="20220619 20:52:16.381"/>
</kw>
<kw name="Wait Until Element Is Visible" library="AppiumLibrary">
<arg>${NAV}</arg>
<doc>Waits until element specified with `locator` is visible.</doc>
<status status="PASS" starttime="20220619 20:52:16.381" endtime="20220619 20:52:17.416"/>
</kw>
<status status="PASS" starttime="20220619 20:52:16.313" endtime="20220619 20:52:17.416"/>
</kw>
<kw name="Click Text" library="AppiumLibrary">
<arg>INPUTS</arg>
<doc>Click text identified by ``text``.</doc>
<status status="PASS" starttime="20220619 20:52:17.416" endtime="20220619 20:52:17.489"/>
</kw>
<kw name="Wait Until Page Contains" library="AppiumLibrary">
<arg>INPUTS</arg>
<doc>Waits until `text` appears on current page.</doc>
<status status="PASS" starttime="20220619 20:52:17.489" endtime="20220619 20:52:18.044"/>
</kw>
<kw name="Click Text" library="AppiumLibrary">
<arg>CHECKBOX</arg>
<doc>Click text identified by ``text``.</doc>
<status status="PASS" starttime="20220619 20:52:18.044" endtime="20220619 20:52:18.491"/>
</kw>
<kw name="Wait Until Page Contains" library="AppiumLibrary">
<arg>Marque as techs que usam Appium</arg>
<doc>Waits until `text` appears on current page.</doc>
<status status="PASS" starttime="20220619 20:52:18.491" endtime="20220619 20:52:19.283"/>
</kw>
<status status="PASS" starttime="20220619 20:52:16.312" endtime="20220619 20:52:19.283"/>
</kw>
<kw name="Set Variable" library="BuiltIn">
<var>${element}</var>
<arg>xpath=//android.widget.CheckBox[contains(@text, 'Robot Framework')]</arg>
<doc>Returns the given values which can then be assigned to a variables.</doc>
<msg timestamp="20220619 20:52:19.284" level="INFO">${element} = xpath=//android.widget.CheckBox[contains(@text, 'Robot Framework')]</msg>
<status status="PASS" starttime="20220619 20:52:19.284" endtime="20220619 20:52:19.284"/>
</kw>
<kw name="Click Element" library="AppiumLibrary">
<arg>${element}</arg>
<doc>Click element identified by `locator`.</doc>
<msg timestamp="20220619 20:52:19.285" level="INFO">Clicking element 'xpath=//android.widget.CheckBox[contains(@text, 'Robot Framework')]'.</msg>
<status status="PASS" starttime="20220619 20:52:19.284" endtime="20220619 20:52:19.332"/>
</kw>
<kw name="Wait Until Element Is Visible" library="AppiumLibrary">
<arg>id=io.qaninja.android.twp:id/rvContainer</arg>
<doc>Waits until element specified with `locator` is visible.</doc>
<status status="PASS" starttime="20220619 20:52:19.332" endtime="20220619 20:52:20.253"/>
</kw>
<kw name="Element Attribute Should Match" library="AppiumLibrary">
<arg>${element}</arg>
<arg>checked</arg>
<arg>true</arg>
<doc>Verify that an attribute of an element matches the expected criteria.</doc>
<msg timestamp="20220619 20:52:20.296" level="INFO">Element 'xpath=//android.widget.CheckBox[contains(@text, 'Robot Framework')]' attribute 'checked' is 'true' </msg>
<status status="PASS" starttime="20220619 20:52:20.254" endtime="20220619 20:52:20.296"/>
</kw>
<kw name="Close Session" library="base" type="TEARDOWN">
<kw name="Close Application" library="AppiumLibrary">
<doc>Closes the current application and also close webdriver session.</doc>
<status status="PASS" starttime="20220619 20:52:20.297" endtime="20220619 20:52:20.716"/>
</kw>
<status status="PASS" starttime="20220619 20:52:20.297" endtime="20220619 20:52:20.716"/>
</kw>
<status status="PASS" starttime="20220619 20:52:02.775" endtime="20220619 20:52:20.717"/>
</test>
<status status="PASS" starttime="20220619 20:52:02.768" endtime="20220619 20:52:20.719"/>
</suite>
<suite id="s1-s3" name="Home" source="C:\qaninja\twp\tests\home.robot">
<test id="s1-s3-t1" name="Deve abrir a tela principal">
<kw name="Set Appium Timeout" library="AppiumLibrary">
<arg>5</arg>
<doc>Sets the timeout in seconds used by various keywords.</doc>
<status status="PASS" starttime="20220619 20:52:20.733" endtime="20220619 20:52:20.733"/>
</kw>
<kw name="Open Application" library="AppiumLibrary">
<arg>http://localhost:4723/wd/hub</arg>
<arg>automationName=UiAutomator2</arg>
<arg>platformName=Android</arg>
<arg>deviceName=Android Emulator</arg>
<arg>app=${EXECDIR}/app/twp.apk</arg>
<doc>Opens a new application to given Appium server.
Capabilities of appium server, Android and iOS,
Please check https://github.com/appium/appium/blob/master/docs/en/writing-running-appium/server-args.md
| *Option*            | *Man.* | *Description*     |
| remote_url          | Yes    | Appium server url |
| alias               | no     | alias             |</doc>
<status status="PASS" starttime="20220619 20:52:20.734" endtime="20220619 20:52:28.579"/>
</kw>
<kw name="Wait Until Page Contains" library="AppiumLibrary">
<arg>Training Wheels Protocol</arg>
<doc>Waits until `text` appears on current page.</doc>
<status status="PASS" starttime="20220619 20:52:28.580" endtime="20220619 20:52:32.765"/>
</kw>
<kw name="Wait Until Page Contains" library="AppiumLibrary">
<arg>Mobile Version</arg>
<doc>Waits until `text` appears on current page.</doc>
<status status="PASS" starttime="20220619 20:52:32.766" endtime="20220619 20:52:32.813"/>
</kw>
<kw name="Close Session" library="base" type="TEARDOWN">
<kw name="Close Application" library="AppiumLibrary">
<doc>Closes the current application and also close webdriver session.</doc>
<status status="PASS" starttime="20220619 20:52:32.814" endtime="20220619 20:52:33.125"/>
</kw>
<status status="PASS" starttime="20220619 20:52:32.813" endtime="20220619 20:52:33.125"/>
</kw>
<status status="PASS" starttime="20220619 20:52:20.732" endtime="20220619 20:52:33.126"/>
</test>
<status status="PASS" starttime="20220619 20:52:20.721" endtime="20220619 20:52:33.127"/>
</suite>
<suite id="s1-s4" name="Login" source="C:\qaninja\twp\tests\login.robot">
<test id="s1-s4-t1" name="Deve logar com sucesso">
<kw name="Open Session" library="base" type="SETUP">
<kw name="Set Appium Timeout" library="AppiumLibrary">
<arg>5</arg>
<doc>Sets the timeout in seconds used by various keywords.</doc>
<status status="PASS" starttime="20220619 20:52:33.136" endtime="20220619 20:52:33.136"/>
</kw>
<kw name="Open Application" library="AppiumLibrary">
<arg>http://localhost:4723/wd/hub</arg>
<arg>automationName=UiAutomator2</arg>
<arg>platformName=Android</arg>
<arg>deviceName=Android Emulator</arg>
<arg>app=${EXECDIR}/app/twp.apk</arg>
<doc>Opens a new application to given Appium server.
Capabilities of appium server, Android and iOS,
Please check https://github.com/appium/appium/blob/master/docs/en/writing-running-appium/server-args.md
| *Option*            | *Man.* | *Description*     |
| remote_url          | Yes    | Appium server url |
| alias               | no     | alias             |</doc>
<status status="PASS" starttime="20220619 20:52:33.136" endtime="20220619 20:52:40.986"/>
</kw>
<kw name="Get Started" library="helpers">
<kw name="Wait Until Page Contains" library="AppiumLibrary">
<arg>${START}</arg>
<doc>Waits until `text` appears on current page.</doc>
<status status="PASS" starttime="20220619 20:52:40.987" endtime="20220619 20:52:45.186"/>
</kw>
<kw name="Click Text" library="AppiumLibrary">
<arg>${START}</arg>
<doc>Click text identified by ``text``.</doc>
<status status="PASS" starttime="20220619 20:52:45.187" endtime="20220619 20:52:45.292"/>
</kw>
<kw name="Wait Until Element Is Visible" library="AppiumLibrary">
<arg>${HAMBURGUER}</arg>
<doc>Waits until element specified with `locator` is visible.</doc>
<status status="PASS" starttime="20220619 20:52:45.292" endtime="20220619 20:52:46.520"/>
</kw>
<status status="PASS" starttime="20220619 20:52:40.986" endtime="20220619 20:52:46.520"/>
</kw>
<status status="PASS" starttime="20220619 20:52:33.135" endtime="20220619 20:52:46.520"/>
</kw>
<kw name="Go To Login Form" library="helpers">
<kw name="Open Nav" library="helpers">
<kw name="Click Element" library="AppiumLibrary">
<arg>${HAMBURGUER}</arg>
<doc>Click element identified by `locator`.</doc>
<msg timestamp="20220619 20:52:46.523" level="INFO">Clicking element 'xpath=//android.widget.ImageButton[@content-desc="Open navigation drawer"]'.</msg>
<status status="PASS" starttime="20220619 20:52:46.522" endtime="20220619 20:52:46.579"/>
</kw>
<kw name="Wait Until Element Is Visible" library="AppiumLibrary">
<arg>${NAV}</arg>
<doc>Waits until element specified with `locator` is visible.</doc>
<status status="PASS" starttime="20220619 20:52:46.580" endtime="20220619 20:52:47.573"/>
</kw>
<status status="PASS" starttime="20220619 20:52:46.521" endtime="20220619 20:52:47.573"/>
</kw>
<kw name="Click Text" library="AppiumLibrary">
<arg>FORMS</arg>
<doc>Click text identified by ``text``.</doc>
<status status="PASS" starttime="20220619 20:52:47.573" endtime="20220619 20:52:47.651"/>
</kw>
<kw name="Wait Until Page Contains" library="AppiumLibrary">
<arg>FORMS</arg>
<doc>Waits until `text` appears on current page.</doc>
<status status="PASS" starttime="20220619 20:52:47.651" endtime="20220619 20:52:48.164"/>
</kw>
<kw name="Click Text" library="AppiumLibrary">
<arg>LOGIN</arg>
<doc>Click text identified by ``text``.</doc>
<status status="PASS" starttime="20220619 20:52:48.164" endtime="20220619 20:52:48.641"/>
</kw>
<kw name="Wait Until Page Contains" library="AppiumLibrary">
<arg>Fala QA, vamos testar o login?</arg>
<doc>Waits until `text` appears on current page.</doc>
<status status="PASS" starttime="20220619 20:52:48.641" endtime="20220619 20:52:49.464"/>
</kw>
<status status="PASS" starttime="20220619 20:52:46.521" endtime="20220619 20:52:49.464"/>
</kw>
<kw name="Input Text" library="AppiumLibrary">
<arg>id=io.qaninja.android.twp:id/etEmail</arg>
<arg>eu@papito.io</arg>
<doc>Types the given `text` into text field identified by `locator`.</doc>
<msg timestamp="20220619 20:52:49.466" level="INFO">Typing text 'eu@papito.io' into text field 'id=io.qaninja.android.twp:id/etEmail'</msg>
<status status="PASS" starttime="20220619 20:52:49.465" endtime="20220619 20:52:50.006"/>
</kw>
<kw name="Input Text" library="AppiumLibrary">
<arg>id=io.qaninja.android.twp:id/etPassword</arg>
<arg>qaninja</arg>
<doc>Types the given `text` into text field identified by `locator`.</doc>
<msg timestamp="20220619 20:52:50.008" level="INFO">Typing text 'qaninja' into text field 'id=io.qaninja.android.twp:id/etPassword'</msg>
<status status="PASS" starttime="20220619 20:52:50.006" endtime="20220619 20:52:50.633"/>
</kw>
<kw name="Click Element" library="AppiumLibrary">
<arg>id=io.qaninja.android.twp:id/btnSubmit</arg>
<doc>Click element identified by `locator`.</doc>
<msg timestamp="20220619 20:52:50.635" level="INFO">Clicking element 'id=io.qaninja.android.twp:id/btnSubmit'.</msg>
<status status="PASS" starttime="20220619 20:52:50.634" endtime="20220619 20:52:51.157"/>
</kw>
<kw name="Wait Until Page Contains" library="AppiumLibrary">
<arg>Show! Suas credenciais são validas.</arg>
<doc>Waits until `text` appears on current page.</doc>
<status status="PASS" starttime="20220619 20:52:51.158" endtime="20220619 20:52:51.734"/>
</kw>
<kw name="Close Session" library="base" type="TEARDOWN">
<kw name="Close Application" library="AppiumLibrary">
<doc>Closes the current application and also close webdriver session.</doc>
<status status="PASS" starttime="20220619 20:52:51.735" endtime="20220619 20:52:52.100"/>
</kw>
<status status="PASS" starttime="20220619 20:52:51.735" endtime="20220619 20:52:52.100"/>
</kw>
<status status="PASS" starttime="20220619 20:52:33.135" endtime="20220619 20:52:52.101"/>
</test>
<test id="s1-s4-t2" name="Deve apresentar mensagem de senha inválida">
<kw name="Open Session" library="base" type="SETUP">
<kw name="Set Appium Timeout" library="AppiumLibrary">
<arg>5</arg>
<doc>Sets the timeout in seconds used by various keywords.</doc>
<status status="PASS" starttime="20220619 20:52:52.103" endtime="20220619 20:52:52.103"/>
</kw>
<kw name="Open Application" library="AppiumLibrary">
<arg>http://localhost:4723/wd/hub</arg>
<arg>automationName=UiAutomator2</arg>
<arg>platformName=Android</arg>
<arg>deviceName=Android Emulator</arg>
<arg>app=${EXECDIR}/app/twp.apk</arg>
<doc>Opens a new application to given Appium server.
Capabilities of appium server, Android and iOS,
Please check https://github.com/appium/appium/blob/master/docs/en/writing-running-appium/server-args.md
| *Option*            | *Man.* | *Description*     |
| remote_url          | Yes    | Appium server url |
| alias               | no     | alias             |</doc>
<status status="PASS" starttime="20220619 20:52:52.103" endtime="20220619 20:52:59.865"/>
</kw>
<kw name="Get Started" library="helpers">
<kw name="Wait Until Page Contains" library="AppiumLibrary">
<arg>${START}</arg>
<doc>Waits until `text` appears on current page.</doc>
<status status="PASS" starttime="20220619 20:52:59.866" endtime="20220619 20:53:04.165"/>
</kw>
<kw name="Click Text" library="AppiumLibrary">
<arg>${START}</arg>
<doc>Click text identified by ``text``.</doc>
<status status="PASS" starttime="20220619 20:53:04.165" endtime="20220619 20:53:04.273"/>
</kw>
<kw name="Wait Until Element Is Visible" library="AppiumLibrary">
<arg>${HAMBURGUER}</arg>
<doc>Waits until element specified with `locator` is visible.</doc>
<status status="PASS" starttime="20220619 20:53:04.273" endtime="20220619 20:53:05.488"/>
</kw>
<status status="PASS" starttime="20220619 20:52:59.866" endtime="20220619 20:53:05.488"/>
</kw>
<status status="PASS" starttime="20220619 20:52:52.103" endtime="20220619 20:53:05.488"/>
</kw>
<kw name="Go To Login Form" library="helpers">
<kw name="Open Nav" library="helpers">
<kw name="Click Element" library="AppiumLibrary">
<arg>${HAMBURGUER}</arg>
<doc>Click element identified by `locator`.</doc>
<msg timestamp="20220619 20:53:05.491" level="INFO">Clicking element 'xpath=//android.widget.ImageButton[@content-desc="Open navigation drawer"]'.</msg>
<status status="PASS" starttime="20220619 20:53:05.490" endtime="20220619 20:53:05.552"/>
</kw>
<kw name="Wait Until Element Is Visible" library="AppiumLibrary">
<arg>${NAV}</arg>
<doc>Waits until element specified with `locator` is visible.</doc>
<status status="PASS" starttime="20220619 20:53:05.552" endtime="20220619 20:53:06.540"/>
</kw>
<status status="PASS" starttime="20220619 20:53:05.489" endtime="20220619 20:53:06.540"/>
</kw>
<kw name="Click Text" library="AppiumLibrary">
<arg>FORMS</arg>
<doc>Click text identified by ``text``.</doc>
<status status="PASS" starttime="20220619 20:53:06.540" endtime="20220619 20:53:06.622"/>
</kw>
<kw name="Wait Until Page Contains" library="AppiumLibrary">
<arg>FORMS</arg>
<doc>Waits until `text` appears on current page.</doc>
<status status="PASS" starttime="20220619 20:53:06.622" endtime="20220619 20:53:07.009"/>
</kw>
<kw name="Click Text" library="AppiumLibrary">
<arg>LOGIN</arg>
<doc>Click text identified by ``text``.</doc>
<status status="PASS" starttime="20220619 20:53:07.009" endtime="20220619 20:53:07.660"/>
</kw>
<kw name="Wait Until Page Contains" library="AppiumLibrary">
<arg>Fala QA, vamos testar o login?</arg>
<doc>Waits until `text` appears on current page.</doc>
<status status="PASS" starttime="20220619 20:53:07.660" endtime="20220619 20:53:08.526"/>
</kw>
<status status="PASS" starttime="20220619 20:53:05.489" endtime="20220619 20:53:08.526"/>
</kw>
<kw name="Input Text" library="AppiumLibrary">
<arg>id=io.qaninja.android.twp:id/etEmail</arg>
<arg>jefferson.mello8@hotmail.com</arg>
<doc>Types the given `text` into text field identified by `locator`.</doc>
<msg timestamp="20220619 20:53:08.528" level="INFO">Typing text 'jefferson.mello8@hotmail.com' into text field 'id=io.qaninja.android.twp:id/etEmail'</msg>
<status status="PASS" starttime="20220619 20:53:08.527" endtime="20220619 20:53:08.591"/>
</kw>
<kw name="Input Text" library="AppiumLibrary">
<arg>id=io.qaninja.android.twp:id/etPassword</arg>
<arg>123456</arg>
<doc>Types the given `text` into text field identified by `locator`.</doc>
<msg timestamp="20220619 20:53:08.592" level="INFO">Typing text '123456' into text field 'id=io.qaninja.android.twp:id/etPassword'</msg>
<status status="PASS" starttime="20220619 20:53:08.591" endtime="20220619 20:53:09.661"/>
</kw>
<kw name="Click Element" library="AppiumLibrary">
<arg>id=io.qaninja.android.twp:id/btnSubmit</arg>
<doc>Click element identified by `locator`.</doc>
<msg timestamp="20220619 20:53:09.663" level="INFO">Clicking element 'id=io.qaninja.android.twp:id/btnSubmit'.</msg>
<status status="PASS" starttime="20220619 20:53:09.662" endtime="20220619 20:53:10.165"/>
</kw>
<kw name="Wait Until Page Contains" library="AppiumLibrary">
<arg>Senha inválida!</arg>
<doc>Waits until `text` appears on current page.</doc>
<status status="PASS" starttime="20220619 20:53:10.166" endtime="20220619 20:53:10.270"/>
</kw>
<kw name="Close Session" library="base" type="TEARDOWN">
<kw name="Close Application" library="AppiumLibrary">
<doc>Closes the current application and also close webdriver session.</doc>
<status status="PASS" starttime="20220619 20:53:10.271" endtime="20220619 20:53:10.741"/>
</kw>
<status status="PASS" starttime="20220619 20:53:10.271" endtime="20220619 20:53:10.742"/>
</kw>
<status status="PASS" starttime="20220619 20:52:52.101" endtime="20220619 20:53:10.742"/>
</test>
<status status="PASS" starttime="20220619 20:52:33.129" endtime="20220619 20:53:10.744"/>
</suite>
<suite id="s1-s5" name="Nav" source="C:\qaninja\twp\tests\nav.robot">
<test id="s1-s5-t1" name="Deve acessar a tela Dialogs">
<kw name="Open Session" library="base" type="SETUP">
<kw name="Set Appium Timeout" library="AppiumLibrary">
<arg>5</arg>
<doc>Sets the timeout in seconds used by various keywords.</doc>
<status status="PASS" starttime="20220619 20:53:10.763" endtime="20220619 20:53:10.763"/>
</kw>
<kw name="Open Application" library="AppiumLibrary">
<arg>http://localhost:4723/wd/hub</arg>
<arg>automationName=UiAutomator2</arg>
<arg>platformName=Android</arg>
<arg>deviceName=Android Emulator</arg>
<arg>app=${EXECDIR}/app/twp.apk</arg>
<doc>Opens a new application to given Appium server.
Capabilities of appium server, Android and iOS,
Please check https://github.com/appium/appium/blob/master/docs/en/writing-running-appium/server-args.md
| *Option*            | *Man.* | *Description*     |
| remote_url          | Yes    | Appium server url |
| alias               | no     | alias             |</doc>
<status status="PASS" starttime="20220619 20:53:10.763" endtime="20220619 20:53:18.557"/>
</kw>
<kw name="Get Started" library="helpers">
<kw name="Wait Until Page Contains" library="AppiumLibrary">
<arg>${START}</arg>
<doc>Waits until `text` appears on current page.</doc>
<status status="PASS" starttime="20220619 20:53:18.558" endtime="20220619 20:53:22.814"/>
</kw>
<kw name="Click Text" library="AppiumLibrary">
<arg>${START}</arg>
<doc>Click text identified by ``text``.</doc>
<status status="PASS" starttime="20220619 20:53:22.814" endtime="20220619 20:53:22.927"/>
</kw>
<kw name="Wait Until Element Is Visible" library="AppiumLibrary">
<arg>${HAMBURGUER}</arg>
<doc>Waits until element specified with `locator` is visible.</doc>
<status status="PASS" starttime="20220619 20:53:22.927" endtime="20220619 20:53:24.105"/>
</kw>
<status status="PASS" starttime="20220619 20:53:18.558" endtime="20220619 20:53:24.105"/>
</kw>
<status status="PASS" starttime="20220619 20:53:10.763" endtime="20220619 20:53:24.106"/>
</kw>
<kw name="Open Nav" library="helpers">
<kw name="Click Element" library="AppiumLibrary">
<arg>${HAMBURGUER}</arg>
<doc>Click element identified by `locator`.</doc>
<msg timestamp="20220619 20:53:24.108" level="INFO">Clicking element 'xpath=//android.widget.ImageButton[@content-desc="Open navigation drawer"]'.</msg>
<status status="PASS" starttime="20220619 20:53:24.107" endtime="20220619 20:53:24.161"/>
</kw>
<kw name="Wait Until Element Is Visible" library="AppiumLibrary">
<arg>${NAV}</arg>
<doc>Waits until element specified with `locator` is visible.</doc>
<status status="PASS" starttime="20220619 20:53:24.162" endtime="20220619 20:53:25.208"/>
</kw>
<status status="PASS" starttime="20220619 20:53:24.106" endtime="20220619 20:53:25.208"/>
</kw>
<kw name="Click Text" library="AppiumLibrary">
<arg>DIALOGS</arg>
<doc>Click text identified by ``text``.</doc>
<status status="PASS" starttime="20220619 20:53:25.209" endtime="20220619 20:53:25.291"/>
</kw>
<kw name="Wait Until Element Is Visible" library="AppiumLibrary">
<arg>${TOOLBAR_TITLE}</arg>
<doc>Waits until element specified with `locator` is visible.</doc>
<status status="PASS" starttime="20220619 20:53:25.292" endtime="20220619 20:53:26.240"/>
</kw>
<kw name="Element Text Should Be" library="AppiumLibrary">
<arg>${TOOLBAR_TITLE}</arg>
<arg>DIALOGS</arg>
<doc>Verifies element identified by ``locator`` exactly contains text ``expected``.</doc>
<msg timestamp="20220619 20:53:26.242" level="INFO">Verifying element 'id=io.qaninja.android.twp:id/toolbarTitle' contains exactly text 'DIALOGS'.</msg>
<status status="PASS" starttime="20220619 20:53:26.241" endtime="20220619 20:53:26.270"/>
</kw>
<kw name="Close Session" library="base" type="TEARDOWN">
<kw name="Close Application" library="AppiumLibrary">
<doc>Closes the current application and also close webdriver session.</doc>
<status status="PASS" starttime="20220619 20:53:26.271" endtime="20220619 20:53:26.559"/>
</kw>
<status status="PASS" starttime="20220619 20:53:26.271" endtime="20220619 20:53:26.559"/>
</kw>
<status status="PASS" starttime="20220619 20:53:10.762" endtime="20220619 20:53:26.559"/>
</test>
<test id="s1-s5-t2" name="Deve acessar a tela Forms">
<kw name="Open Session" library="base" type="SETUP">
<kw name="Set Appium Timeout" library="AppiumLibrary">
<arg>5</arg>
<doc>Sets the timeout in seconds used by various keywords.</doc>
<status status="PASS" starttime="20220619 20:53:26.561" endtime="20220619 20:53:26.562"/>
</kw>
<kw name="Open Application" library="AppiumLibrary">
<arg>http://localhost:4723/wd/hub</arg>
<arg>automationName=UiAutomator2</arg>
<arg>platformName=Android</arg>
<arg>deviceName=Android Emulator</arg>
<arg>app=${EXECDIR}/app/twp.apk</arg>
<doc>Opens a new application to given Appium server.
Capabilities of appium server, Android and iOS,
Please check https://github.com/appium/appium/blob/master/docs/en/writing-running-appium/server-args.md
| *Option*            | *Man.* | *Description*     |
| remote_url          | Yes    | Appium server url |
| alias               | no     | alias             |</doc>
<status status="PASS" starttime="20220619 20:53:26.562" endtime="20220619 20:53:34.528"/>
</kw>
<kw name="Get Started" library="helpers">
<kw name="Wait Until Page Contains" library="AppiumLibrary">
<arg>${START}</arg>
<doc>Waits until `text` appears on current page.</doc>
<status status="PASS" starttime="20220619 20:53:34.528" endtime="20220619 20:53:38.768"/>
</kw>
<kw name="Click Text" library="AppiumLibrary">
<arg>${START}</arg>
<doc>Click text identified by ``text``.</doc>
<status status="PASS" starttime="20220619 20:53:38.769" endtime="20220619 20:53:38.875"/>
</kw>
<kw name="Wait Until Element Is Visible" library="AppiumLibrary">
<arg>${HAMBURGUER}</arg>
<doc>Waits until element specified with `locator` is visible.</doc>
<status status="PASS" starttime="20220619 20:53:38.875" endtime="20220619 20:53:40.063"/>
</kw>
<status status="PASS" starttime="20220619 20:53:34.528" endtime="20220619 20:53:40.063"/>
</kw>
<status status="PASS" starttime="20220619 20:53:26.561" endtime="20220619 20:53:40.064"/>
</kw>
<kw name="Open Nav" library="helpers">
<kw name="Click Element" library="AppiumLibrary">
<arg>${HAMBURGUER}</arg>
<doc>Click element identified by `locator`.</doc>
<msg timestamp="20220619 20:53:40.066" level="INFO">Clicking element 'xpath=//android.widget.ImageButton[@content-desc="Open navigation drawer"]'.</msg>
<status status="PASS" starttime="20220619 20:53:40.064" endtime="20220619 20:53:40.117"/>
</kw>
<kw name="Wait Until Element Is Visible" library="AppiumLibrary">
<arg>${NAV}</arg>
<doc>Waits until element specified with `locator` is visible.</doc>
<status status="PASS" starttime="20220619 20:53:40.117" endtime="20220619 20:53:41.089"/>
</kw>
<status status="PASS" starttime="20220619 20:53:40.064" endtime="20220619 20:53:41.089"/>
</kw>
<kw name="Click Text" library="AppiumLibrary">
<arg>FORMS</arg>
<doc>Click text identified by ``text``.</doc>
<status status="PASS" starttime="20220619 20:53:41.090" endtime="20220619 20:53:41.167"/>
</kw>
<kw name="Wait Until Element Is Visible" library="AppiumLibrary">
<arg>${TOOLBAR_TITLE}</arg>
<doc>Waits until element specified with `locator` is visible.</doc>
<status status="PASS" starttime="20220619 20:53:41.168" endtime="20220619 20:53:42.119"/>
</kw>
<kw name="Element Text Should Be" library="AppiumLibrary">
<arg>${TOOLBAR_TITLE}</arg>
<arg>FORMS</arg>
<doc>Verifies element identified by ``locator`` exactly contains text ``expected``.</doc>
<msg timestamp="20220619 20:53:42.121" level="INFO">Verifying element 'id=io.qaninja.android.twp:id/toolbarTitle' contains exactly text 'FORMS'.</msg>
<status status="PASS" starttime="20220619 20:53:42.120" endtime="20220619 20:53:42.151"/>
</kw>
<kw name="Close Session" library="base" type="TEARDOWN">
<kw name="Close Application" library="AppiumLibrary">
<doc>Closes the current application and also close webdriver session.</doc>
<status status="PASS" starttime="20220619 20:53:42.152" endtime="20220619 20:53:42.614"/>
</kw>
<status status="PASS" starttime="20220619 20:53:42.152" endtime="20220619 20:53:42.614"/>
</kw>
<status status="PASS" starttime="20220619 20:53:26.561" endtime="20220619 20:53:42.615"/>
</test>
<test id="s1-s5-t3" name="Deve acessar a tela Avengers">
<kw name="Open Session" library="base" type="SETUP">
<kw name="Set Appium Timeout" library="AppiumLibrary">
<arg>5</arg>
<doc>Sets the timeout in seconds used by various keywords.</doc>
<status status="PASS" starttime="20220619 20:53:42.617" endtime="20220619 20:53:42.617"/>
</kw>
<kw name="Open Application" library="AppiumLibrary">
<arg>http://localhost:4723/wd/hub</arg>
<arg>automationName=UiAutomator2</arg>
<arg>platformName=Android</arg>
<arg>deviceName=Android Emulator</arg>
<arg>app=${EXECDIR}/app/twp.apk</arg>
<doc>Opens a new application to given Appium server.
Capabilities of appium server, Android and iOS,
Please check https://github.com/appium/appium/blob/master/docs/en/writing-running-appium/server-args.md
| *Option*            | *Man.* | *Description*     |
| remote_url          | Yes    | Appium server url |
| alias               | no     | alias             |</doc>
<status status="PASS" starttime="20220619 20:53:42.617" endtime="20220619 20:53:50.483"/>
</kw>
<kw name="Get Started" library="helpers">
<kw name="Wait Until Page Contains" library="AppiumLibrary">
<arg>${START}</arg>
<doc>Waits until `text` appears on current page.</doc>
<status status="PASS" starttime="20220619 20:53:50.484" endtime="20220619 20:53:54.676"/>
</kw>
<kw name="Click Text" library="AppiumLibrary">
<arg>${START}</arg>
<doc>Click text identified by ``text``.</doc>
<status status="PASS" starttime="20220619 20:53:54.676" endtime="20220619 20:53:54.786"/>
</kw>
<kw name="Wait Until Element Is Visible" library="AppiumLibrary">
<arg>${HAMBURGUER}</arg>
<doc>Waits until element specified with `locator` is visible.</doc>
<status status="PASS" starttime="20220619 20:53:54.786" endtime="20220619 20:53:56.019"/>
</kw>
<status status="PASS" starttime="20220619 20:53:50.484" endtime="20220619 20:53:56.019"/>
</kw>
<status status="PASS" starttime="20220619 20:53:42.617" endtime="20220619 20:53:56.019"/>
</kw>
<kw name="Open Nav" library="helpers">
<kw name="Click Element" library="AppiumLibrary">
<arg>${HAMBURGUER}</arg>
<doc>Click element identified by `locator`.</doc>
<msg timestamp="20220619 20:53:56.021" level="INFO">Clicking element 'xpath=//android.widget.ImageButton[@content-desc="Open navigation drawer"]'.</msg>
<status status="PASS" starttime="20220619 20:53:56.020" endtime="20220619 20:53:56.073"/>
</kw>
<kw name="Wait Until Element Is Visible" library="AppiumLibrary">
<arg>${NAV}</arg>
<doc>Waits until element specified with `locator` is visible.</doc>
<status status="PASS" starttime="20220619 20:53:56.073" endtime="20220619 20:53:57.083"/>
</kw>
<status status="PASS" starttime="20220619 20:53:56.020" endtime="20220619 20:53:57.083"/>
</kw>
<kw name="Click Text" library="AppiumLibrary">
<arg>AVENGERS</arg>
<doc>Click text identified by ``text``.</doc>
<status status="PASS" starttime="20220619 20:53:57.084" endtime="20220619 20:53:57.161"/>
</kw>
<kw name="Wait Until Element Is Visible" library="AppiumLibrary">
<arg>${TOOLBAR_TITLE}</arg>
<doc>Waits until element specified with `locator` is visible.</doc>
<status status="PASS" starttime="20220619 20:53:57.162" endtime="20220619 20:53:58.124"/>
</kw>
<kw name="Element Text Should Be" library="AppiumLibrary">
<arg>${TOOLBAR_TITLE}</arg>
<arg>AVENGERS</arg>
<doc>Verifies element identified by ``locator`` exactly contains text ``expected``.</doc>
<msg timestamp="20220619 20:53:58.127" level="INFO">Verifying element 'id=io.qaninja.android.twp:id/toolbarTitle' contains exactly text 'AVENGERS'.</msg>
<status status="PASS" starttime="20220619 20:53:58.125" endtime="20220619 20:53:58.162"/>
</kw>
<kw name="Close Session" library="base" type="TEARDOWN">
<kw name="Close Application" library="AppiumLibrary">
<doc>Closes the current application and also close webdriver session.</doc>
<status status="PASS" starttime="20220619 20:53:58.163" endtime="20220619 20:53:58.508"/>
</kw>
<status status="PASS" starttime="20220619 20:53:58.162" endtime="20220619 20:53:58.508"/>
</kw>
<status status="PASS" starttime="20220619 20:53:42.616" endtime="20220619 20:53:58.508"/>
</test>
<status status="PASS" starttime="20220619 20:53:10.747" endtime="20220619 20:53:58.510"/>
</suite>
<suite id="s1-s6" name="Radio" source="C:\qaninja\twp\tests\radio.robot">
<test id="s1-s6-t1" name="Deve selecionar a opção Golang">
<kw name="Open Session" library="base" type="SETUP">
<kw name="Set Appium Timeout" library="AppiumLibrary">
<arg>5</arg>
<doc>Sets the timeout in seconds used by various keywords.</doc>
<status status="PASS" starttime="20220619 20:53:58.519" endtime="20220619 20:53:58.519"/>
</kw>
<kw name="Open Application" library="AppiumLibrary">
<arg>http://localhost:4723/wd/hub</arg>
<arg>automationName=UiAutomator2</arg>
<arg>platformName=Android</arg>
<arg>deviceName=Android Emulator</arg>
<arg>app=${EXECDIR}/app/twp.apk</arg>
<doc>Opens a new application to given Appium server.
Capabilities of appium server, Android and iOS,
Please check https://github.com/appium/appium/blob/master/docs/en/writing-running-appium/server-args.md
| *Option*            | *Man.* | *Description*     |
| remote_url          | Yes    | Appium server url |
| alias               | no     | alias             |</doc>
<status status="PASS" starttime="20220619 20:53:58.519" endtime="20220619 20:54:06.340"/>
</kw>
<kw name="Get Started" library="helpers">
<kw name="Wait Until Page Contains" library="AppiumLibrary">
<arg>${START}</arg>
<doc>Waits until `text` appears on current page.</doc>
<status status="PASS" starttime="20220619 20:54:06.341" endtime="20220619 20:54:10.536"/>
</kw>
<kw name="Click Text" library="AppiumLibrary">
<arg>${START}</arg>
<doc>Click text identified by ``text``.</doc>
<status status="PASS" starttime="20220619 20:54:10.536" endtime="20220619 20:54:10.644"/>
</kw>
<kw name="Wait Until Element Is Visible" library="AppiumLibrary">
<arg>${HAMBURGUER}</arg>
<doc>Waits until element specified with `locator` is visible.</doc>
<status status="PASS" starttime="20220619 20:54:10.644" endtime="20220619 20:54:11.831"/>
</kw>
<status status="PASS" starttime="20220619 20:54:06.341" endtime="20220619 20:54:11.831"/>
</kw>
<status status="PASS" starttime="20220619 20:53:58.519" endtime="20220619 20:54:11.832"/>
</kw>
<kw name="Go To Raddio Buttons" library="helpers">
<kw name="Open Nav" library="helpers">
<kw name="Click Element" library="AppiumLibrary">
<arg>${HAMBURGUER}</arg>
<doc>Click element identified by `locator`.</doc>
<msg timestamp="20220619 20:54:11.834" level="INFO">Clicking element 'xpath=//android.widget.ImageButton[@content-desc="Open navigation drawer"]'.</msg>
<status status="PASS" starttime="20220619 20:54:11.833" endtime="20220619 20:54:11.893"/>
</kw>
<kw name="Wait Until Element Is Visible" library="AppiumLibrary">
<arg>${NAV}</arg>
<doc>Waits until element specified with `locator` is visible.</doc>
<status status="PASS" starttime="20220619 20:54:11.893" endtime="20220619 20:54:12.903"/>
</kw>
<status status="PASS" starttime="20220619 20:54:11.832" endtime="20220619 20:54:12.903"/>
</kw>
<kw name="Click Text" library="AppiumLibrary">
<arg>INPUTS</arg>
<doc>Click text identified by ``text``.</doc>
<status status="PASS" starttime="20220619 20:54:12.903" endtime="20220619 20:54:12.979"/>
</kw>
<kw name="Wait Until Page Contains" library="AppiumLibrary">
<arg>INPUTS</arg>
<doc>Waits until `text` appears on current page.</doc>
<status status="PASS" starttime="20220619 20:54:12.979" endtime="20220619 20:54:13.554"/>
</kw>
<kw name="Click Text" library="AppiumLibrary">
<arg>BOTÕES DE RADIO</arg>
<doc>Click text identified by ``text``.</doc>
<status status="PASS" starttime="20220619 20:54:13.554" endtime="20220619 20:54:13.999"/>
</kw>
<kw name="Wait Until Page Contains" library="AppiumLibrary">
<arg>Escolha sua linguagem preferida</arg>
<doc>Waits until `text` appears on current page.</doc>
<status status="PASS" starttime="20220619 20:54:13.999" endtime="20220619 20:54:14.801"/>
</kw>
<status status="PASS" starttime="20220619 20:54:11.832" endtime="20220619 20:54:14.801"/>
</kw>
<kw name="Set Variable" library="BuiltIn">
<var>${element}</var>
<arg>xpath=//android.widget.RadioButton[contains(@text, 'Go Lang')]</arg>
<doc>Returns the given values which can then be assigned to a variables.</doc>
<msg timestamp="20220619 20:54:14.802" level="INFO">${element} = xpath=//android.widget.RadioButton[contains(@text, 'Go Lang')]</msg>
<status status="PASS" starttime="20220619 20:54:14.801" endtime="20220619 20:54:14.802"/>
</kw>
<kw name="Click Element" library="AppiumLibrary">
<arg>${element}</arg>
<doc>Click element identified by `locator`.</doc>
<msg timestamp="20220619 20:54:14.803" level="INFO">Clicking element 'xpath=//android.widget.RadioButton[contains(@text, 'Go Lang')]'.</msg>
<status status="PASS" starttime="20220619 20:54:14.802" endtime="20220619 20:54:14.856"/>
</kw>
<kw name="Wait Until Element Is Visible" library="AppiumLibrary">
<arg>${element}</arg>
<doc>Waits until element specified with `locator` is visible.</doc>
<status status="PASS" starttime="20220619 20:54:14.857" endtime="20220619 20:54:15.478"/>
</kw>
<kw name="Element Attribute Should Match" library="AppiumLibrary">
<arg>${element}</arg>
<arg>checked</arg>
<arg>true</arg>
<doc>Verify that an attribute of an element matches the expected criteria.</doc>
<msg timestamp="20220619 20:54:15.518" level="INFO">Element 'xpath=//android.widget.RadioButton[contains(@text, 'Go Lang')]' attribute 'checked' is 'true' </msg>
<status status="PASS" starttime="20220619 20:54:15.478" endtime="20220619 20:54:15.518"/>
</kw>
<kw name="Close Session" library="base" type="TEARDOWN">
<kw name="Close Application" library="AppiumLibrary">
<doc>Closes the current application and also close webdriver session.</doc>
<status status="PASS" starttime="20220619 20:54:15.519" endtime="20220619 20:54:15.937"/>
</kw>
<status status="PASS" starttime="20220619 20:54:15.519" endtime="20220619 20:54:15.937"/>
</kw>
<status status="PASS" starttime="20220619 20:53:58.518" endtime="20220619 20:54:15.938"/>
</test>
<status status="PASS" starttime="20220619 20:53:58.512" endtime="20220619 20:54:15.939"/>
</suite>
<status status="PASS" starttime="20220619 20:51:26.144" endtime="20220619 20:54:15.942"/>
</suite>
<statistics>
<total>
<stat pass="10" fail="0" skip="0">All Tests</stat>
</total>
<tag>
<stat pass="1" fail="0" skip="0">long</stat>
<stat pass="1" fail="0" skip="0">short</stat>
</tag>
<suite>
<stat pass="10" fail="0" skip="0" id="s1" name="Tests">Tests</stat>
<stat pass="2" fail="0" skip="0" id="s1-s1" name="Buttons">Tests.Buttons</stat>
<stat pass="1" fail="0" skip="0" id="s1-s2" name="Checkbox">Tests.Checkbox</stat>
<stat pass="1" fail="0" skip="0" id="s1-s3" name="Home">Tests.Home</stat>
<stat pass="2" fail="0" skip="0" id="s1-s4" name="Login">Tests.Login</stat>
<stat pass="3" fail="0" skip="0" id="s1-s5" name="Nav">Tests.Nav</stat>
<stat pass="1" fail="0" skip="0" id="s1-s6" name="Radio">Tests.Radio</stat>
</suite>
</statistics>
<errors>
</errors>
</robot>
